Web Turbo Replay of LoadRunner 12.55.0 for Windows 10; build 911 (Jul 24 2017 19:46:00)  	[MsgId: MMSG-26983]
Run mode: HTML  	[MsgId: MMSG-26993]
Replay user agent: Mozilla/5.0 (Windows NT 10.0; WOW64) AppleWebKit/537.36 (KHTML, like Gecko) Chrome/70.0.3538.77 Safari/537.36  	[MsgId: MMSG-26988]
Run-Time Settings file: "C:\Users\a07208trng_b4a.03.28\Documents\VuGen\Scripts\JpetStore_Dog_NOV12_Baselinecompare\\default.cfg"  	[MsgId: MMSG-27141]
Virtual User Script started at: 11/12/2018 3:31:26 PM
Running Vuser...
Starting iteration 1.
Maximum number of concurrent connections per server: 6  	[MsgId: MMSG-26989]
Starting action vuser_init.
vuser_init.c(43): web_add_auto_header("Upgrade-Insecure-Requests") started  	[MsgId: MMSG-26355]
vuser_init.c(43): web_add_auto_header("Upgrade-Insecure-Requests") was successful  	[MsgId: MMSG-26392]
vuser_init.c(46): web_url("jpetstore.cfapps.io") started  	[MsgId: MMSG-26355]
vuser_init.c(46): Found resource "https://jpetstore.cfapps.io/css/jpetstore.css" in HTML "https://jpetstore.cfapps.io/"  	[MsgId: MMSG-26659]
vuser_init.c(46): web_url("jpetstore.cfapps.io") was successful, 7144 body bytes, 1036 header bytes  	[MsgId: MMSG-26386]
vuser_init.c(56): Notify: Transaction "Jpetstore_enter_the_store" started.
vuser_init.c(60): web_remove_auto_header("Upgrade-Insecure-Requests") started  	[MsgId: MMSG-26355]
vuser_init.c(60): Previous automatically added web header for "Upgrade-Insecure-Requests" removed  	[MsgId: MMSG-26587]
vuser_init.c(60): web_remove/revert_auto_header("Upgrade-Insecure-Requests") was successful  	[MsgId: MMSG-26392]
vuser_init.c(64): web_url("Enter the Store") started  	[MsgId: MMSG-26355]
vuser_init.c(64): Found resource "https://jpetstore.cfapps.io/css/jpetstore.css" in HTML "https://jpetstore.cfapps.io/catalog"  	[MsgId: MMSG-26659]
vuser_init.c(64): Found resource "https://jpetstore.cfapps.io/images/logo-topbar.gif" in HTML "https://jpetstore.cfapps.io/catalog"  	[MsgId: MMSG-26659]
vuser_init.c(64): Found resource "https://jpetstore.cfapps.io/images/cart.gif" in HTML "https://jpetstore.cfapps.io/catalog"  	[MsgId: MMSG-26659]
vuser_init.c(64): Found resource "https://jpetstore.cfapps.io/images/separator.gif" in HTML "https://jpetstore.cfapps.io/catalog"  	[MsgId: MMSG-26659]
vuser_init.c(64): Found resource "https://jpetstore.cfapps.io/images/sm_fish.gif" in HTML "https://jpetstore.cfapps.io/catalog"  	[MsgId: MMSG-26659]
vuser_init.c(64): Found resource "https://jpetstore.cfapps.io/images/sm_dogs.gif" in HTML "https://jpetstore.cfapps.io/catalog"  	[MsgId: MMSG-26659]
vuser_init.c(64): Found resource "https://jpetstore.cfapps.io/images/sm_reptiles.gif" in HTML "https://jpetstore.cfapps.io/catalog"  	[MsgId: MMSG-26659]
vuser_init.c(64): Found resource "https://jpetstore.cfapps.io/images/sm_cats.gif" in HTML "https://jpetstore.cfapps.io/catalog"  	[MsgId: MMSG-26659]
vuser_init.c(64): Found resource "https://jpetstore.cfapps.io/images/sm_birds.gif" in HTML "https://jpetstore.cfapps.io/catalog"  	[MsgId: MMSG-26659]
vuser_init.c(64): Found resource "https://jpetstore.cfapps.io/images/fish_icon.gif" in HTML "https://jpetstore.cfapps.io/catalog"  	[MsgId: MMSG-26659]
vuser_init.c(64): Found resource "https://jpetstore.cfapps.io/images/dogs_icon.gif" in HTML "https://jpetstore.cfapps.io/catalog"  	[MsgId: MMSG-26659]
vuser_init.c(64): Found resource "https://jpetstore.cfapps.io/images/reptiles_icon.gif" in HTML "https://jpetstore.cfapps.io/catalog"  	[MsgId: MMSG-26659]
vuser_init.c(64): Found resource "https://jpetstore.cfapps.io/images/cats_icon.gif" in HTML "https://jpetstore.cfapps.io/catalog"  	[MsgId: MMSG-26659]
vuser_init.c(64): Found resource "https://jpetstore.cfapps.io/images/birds_icon.gif" in HTML "https://jpetstore.cfapps.io/catalog"  	[MsgId: MMSG-26659]
vuser_init.c(64): Found resource "https://jpetstore.cfapps.io/images/splash.gif" in HTML "https://jpetstore.cfapps.io/catalog"  	[MsgId: MMSG-26659]
vuser_init.c(64): web_url("Enter the Store") was successful, 56048 body bytes, 8104 header bytes  	[MsgId: MMSG-26386]
vuser_init.c(81): Notify: Transaction "Jpetstore_enter_the_store" ended with a "Pass" status (Duration: 3.0654 Wasted Time: 0.0191).
vuser_init.c(83): Notify: Transaction "Jpetstore_Signin" started.
vuser_init.c(87): web_add_auto_header("Upgrade-Insecure-Requests") started  	[MsgId: MMSG-26355]
vuser_init.c(87): web_add_auto_header("Upgrade-Insecure-Requests") was successful  	[MsgId: MMSG-26392]
vuser_init.c(92): web_url("Sign In") started  	[MsgId: MMSG-26355]
vuser_init.c(92): Found resource "https://jpetstore.cfapps.io/css/jpetstore.css" in HTML "https://jpetstore.cfapps.io/login"  	[MsgId: MMSG-26659]
vuser_init.c(92): Found resource "https://jpetstore.cfapps.io/images/logo-topbar.gif" in HTML "https://jpetstore.cfapps.io/login"  	[MsgId: MMSG-26659]
vuser_init.c(92): Found resource "https://jpetstore.cfapps.io/images/cart.gif" in HTML "https://jpetstore.cfapps.io/login"  	[MsgId: MMSG-26659]
vuser_init.c(92): Found resource "https://jpetstore.cfapps.io/images/separator.gif" in HTML "https://jpetstore.cfapps.io/login"  	[MsgId: MMSG-26659]
vuser_init.c(92): Found resource "https://jpetstore.cfapps.io/images/sm_fish.gif" in HTML "https://jpetstore.cfapps.io/login"  	[MsgId: MMSG-26659]
vuser_init.c(92): Found resource "https://jpetstore.cfapps.io/images/sm_dogs.gif" in HTML "https://jpetstore.cfapps.io/login"  	[MsgId: MMSG-26659]
vuser_init.c(92): Found resource "https://jpetstore.cfapps.io/images/sm_reptiles.gif" in HTML "https://jpetstore.cfapps.io/login"  	[MsgId: MMSG-26659]
vuser_init.c(92): Found resource "https://jpetstore.cfapps.io/images/sm_cats.gif" in HTML "https://jpetstore.cfapps.io/login"  	[MsgId: MMSG-26659]
vuser_init.c(92): Found resource "https://jpetstore.cfapps.io/images/sm_birds.gif" in HTML "https://jpetstore.cfapps.io/login"  	[MsgId: MMSG-26659]
vuser_init.c(92): web_url("Sign In") was successful, 15591 body bytes, 4957 header bytes, 19 chunking overhead bytes  	[MsgId: MMSG-26385]
vuser_init.c(103): Notify: Transaction "Jpetstore_Signin" ended with a "Pass" status (Duration: 1.0959 Wasted Time: 0.0113).
vuser_init.c(106): Notify: Transaction "Jpet_store_sginin_credentials" started.
vuser_init.c(110): web_remove_auto_header("Upgrade-Insecure-Requests") started  	[MsgId: MMSG-26355]
vuser_init.c(110): Previous automatically added web header for "Upgrade-Insecure-Requests" removed  	[MsgId: MMSG-26587]
vuser_init.c(110): web_remove/revert_auto_header("Upgrade-Insecure-Requests") was successful  	[MsgId: MMSG-26392]
vuser_init.c(112): web_add_header("Origin") started  	[MsgId: MMSG-26355]
vuser_init.c(112): web_add_header("Origin") was successful  	[MsgId: MMSG-26392]
vuser_init.c(115): web_submit_data("login") started  	[MsgId: MMSG-26355]
vuser_init.c(115): Error -26628: HTTP Status-Code=403 (Forbidden) for "https://jpetstore.cfapps.io/login"  	[MsgId: MERR-26628]
vuser_init.c(115): web_submit_data("login") highest severity level was "ERROR", 115 body bytes, 458 header bytes  	[MsgId: MMSG-26388]
vuser_init.c(115): Notify: Transaction "Jpet_store_sginin_credentials" ended with a "Fail" status (Duration: 0.6924 Wasted Time: 0.0125).
vuser_init.c(115): Notify: Transaction "Jpet_store_sginin_credentials" has 1 error message(s).
vuser_init.c(115): Notify: The 1st error message associated with transaction "Jpet_store_sginin_credentials" is "Error -26628: HTTP Status-Code=403 (Forbidden) for "https://jpetstore.cfapps.io/login""
Ending action vuser_init.
Ending iteration 1.
Waiting 5.0000 seconds for iteration pacing.
Starting iteration 2.
Starting action vuser_init.
vuser_init.c(43): web_add_auto_header("Upgrade-Insecure-Requests") started  	[MsgId: MMSG-26355]
vuser_init.c(43): web_add_auto_header("Upgrade-Insecure-Requests") was successful  	[MsgId: MMSG-26392]
vuser_init.c(46): web_url("jpetstore.cfapps.io") started  	[MsgId: MMSG-26355]
vuser_init.c(46): Found resource "https://jpetstore.cfapps.io/css/jpetstore.css" in HTML "https://jpetstore.cfapps.io/"  	[MsgId: MMSG-26659]
vuser_init.c(46): web_url("jpetstore.cfapps.io") was successful, 7144 body bytes, 1036 header bytes  	[MsgId: MMSG-26386]
vuser_init.c(56): Notify: Transaction "Jpetstore_enter_the_store" started.
vuser_init.c(60): web_remove_auto_header("Upgrade-Insecure-Requests") started  	[MsgId: MMSG-26355]
vuser_init.c(60): Previous automatically added web header for "Upgrade-Insecure-Requests" removed  	[MsgId: MMSG-26587]
vuser_init.c(60): web_remove/revert_auto_header("Upgrade-Insecure-Requests") was successful  	[MsgId: MMSG-26392]
vuser_init.c(64): web_url("Enter the Store") started  	[MsgId: MMSG-26355]
vuser_init.c(64): Found resource "https://jpetstore.cfapps.io/css/jpetstore.css" in HTML "https://jpetstore.cfapps.io/catalog"  	[MsgId: MMSG-26659]
vuser_init.c(64): Found resource "https://jpetstore.cfapps.io/images/logo-topbar.gif" in HTML "https://jpetstore.cfapps.io/catalog"  	[MsgId: MMSG-26659]
vuser_init.c(64): Found resource "https://jpetstore.cfapps.io/images/cart.gif" in HTML "https://jpetstore.cfapps.io/catalog"  	[MsgId: MMSG-26659]
vuser_init.c(64): Found resource "https://jpetstore.cfapps.io/images/separator.gif" in HTML "https://jpetstore.cfapps.io/catalog"  	[MsgId: MMSG-26659]
vuser_init.c(64): Found resource "https://jpetstore.cfapps.io/images/sm_fish.gif" in HTML "https://jpetstore.cfapps.io/catalog"  	[MsgId: MMSG-26659]
vuser_init.c(64): Found resource "https://jpetstore.cfapps.io/images/sm_dogs.gif" in HTML "https://jpetstore.cfapps.io/catalog"  	[MsgId: MMSG-26659]
vuser_init.c(64): Found resource "https://jpetstore.cfapps.io/images/sm_reptiles.gif" in HTML "https://jpetstore.cfapps.io/catalog"  	[MsgId: MMSG-26659]
vuser_init.c(64): Found resource "https://jpetstore.cfapps.io/images/sm_cats.gif" in HTML "https://jpetstore.cfapps.io/catalog"  	[MsgId: MMSG-26659]
vuser_init.c(64): Found resource "https://jpetstore.cfapps.io/images/sm_birds.gif" in HTML "https://jpetstore.cfapps.io/catalog"  	[MsgId: MMSG-26659]
vuser_init.c(64): Found resource "https://jpetstore.cfapps.io/images/fish_icon.gif" in HTML "https://jpetstore.cfapps.io/catalog"  	[MsgId: MMSG-26659]
vuser_init.c(64): Found resource "https://jpetstore.cfapps.io/images/dogs_icon.gif" in HTML "https://jpetstore.cfapps.io/catalog"  	[MsgId: MMSG-26659]
vuser_init.c(64): Found resource "https://jpetstore.cfapps.io/images/reptiles_icon.gif" in HTML "https://jpetstore.cfapps.io/catalog"  	[MsgId: MMSG-26659]
vuser_init.c(64): Found resource "https://jpetstore.cfapps.io/images/cats_icon.gif" in HTML "https://jpetstore.cfapps.io/catalog"  	[MsgId: MMSG-26659]
vuser_init.c(64): Found resource "https://jpetstore.cfapps.io/images/birds_icon.gif" in HTML "https://jpetstore.cfapps.io/catalog"  	[MsgId: MMSG-26659]
vuser_init.c(64): Found resource "https://jpetstore.cfapps.io/images/splash.gif" in HTML "https://jpetstore.cfapps.io/catalog"  	[MsgId: MMSG-26659]
vuser_init.c(64): web_url("Enter the Store") was successful, 56048 body bytes, 8110 header bytes, 19 chunking overhead bytes  	[MsgId: MMSG-26385]
vuser_init.c(81): Notify: Transaction "Jpetstore_enter_the_store" ended with a "Pass" status (Duration: 2.6837 Wasted Time: 0.0224).
vuser_init.c(83): Notify: Transaction "Jpetstore_Signin" started.
vuser_init.c(87): web_add_auto_header("Upgrade-Insecure-Requests") started  	[MsgId: MMSG-26355]
vuser_init.c(87): web_add_auto_header("Upgrade-Insecure-Requests") was successful  	[MsgId: MMSG-26392]
vuser_init.c(92): web_url("Sign In") started  	[MsgId: MMSG-26355]
vuser_init.c(92): Found resource "https://jpetstore.cfapps.io/css/jpetstore.css" in HTML "https://jpetstore.cfapps.io/login"  	[MsgId: MMSG-26659]
vuser_init.c(92): Found resource "https://jpetstore.cfapps.io/images/logo-topbar.gif" in HTML "https://jpetstore.cfapps.io/login"  	[MsgId: MMSG-26659]
vuser_init.c(92): Found resource "https://jpetstore.cfapps.io/images/cart.gif" in HTML "https://jpetstore.cfapps.io/login"  	[MsgId: MMSG-26659]
vuser_init.c(92): Found resource "https://jpetstore.cfapps.io/images/separator.gif" in HTML "https://jpetstore.cfapps.io/login"  	[MsgId: MMSG-26659]
vuser_init.c(92): Found resource "https://jpetstore.cfapps.io/images/sm_fish.gif" in HTML "https://jpetstore.cfapps.io/login"  	[MsgId: MMSG-26659]
vuser_init.c(92): Found resource "https://jpetstore.cfapps.io/images/sm_dogs.gif" in HTML "https://jpetstore.cfapps.io/login"  	[MsgId: MMSG-26659]
vuser_init.c(92): Found resource "https://jpetstore.cfapps.io/images/sm_reptiles.gif" in HTML "https://jpetstore.cfapps.io/login"  	[MsgId: MMSG-26659]
vuser_init.c(92): Found resource "https://jpetstore.cfapps.io/images/sm_cats.gif" in HTML "https://jpetstore.cfapps.io/login"  	[MsgId: MMSG-26659]
vuser_init.c(92): Found resource "https://jpetstore.cfapps.io/images/sm_birds.gif" in HTML "https://jpetstore.cfapps.io/login"  	[MsgId: MMSG-26659]
vuser_init.c(92): web_url("Sign In") was successful, 15591 body bytes, 4957 header bytes, 19 chunking overhead bytes  	[MsgId: MMSG-26385]
vuser_init.c(103): Notify: Transaction "Jpetstore_Signin" ended with a "Pass" status (Duration: 1.0818 Wasted Time: 0.0308).
vuser_init.c(106): Notify: Transaction "Jpet_store_sginin_credentials" started.
vuser_init.c(110): web_remove_auto_header("Upgrade-Insecure-Requests") started  	[MsgId: MMSG-26355]
vuser_init.c(110): Previous automatically added web header for "Upgrade-Insecure-Requests" removed  	[MsgId: MMSG-26587]
vuser_init.c(110): web_remove/revert_auto_header("Upgrade-Insecure-Requests") was successful  	[MsgId: MMSG-26392]
vuser_init.c(112): web_add_header("Origin") started  	[MsgId: MMSG-26355]
vuser_init.c(112): web_add_header("Origin") was successful  	[MsgId: MMSG-26392]
vuser_init.c(115): web_submit_data("login") started  	[MsgId: MMSG-26355]
vuser_init.c(115): Error -26628: HTTP Status-Code=403 (Forbidden) for "https://jpetstore.cfapps.io/login"  	[MsgId: MERR-26628]
vuser_init.c(115): web_submit_data("login") highest severity level was "ERROR", 115 body bytes, 458 header bytes  	[MsgId: MMSG-26388]
vuser_init.c(115): Notify: Transaction "Jpet_store_sginin_credentials" ended with a "Fail" status (Duration: 0.6679 Wasted Time: 0.0316).
vuser_init.c(115): Notify: Transaction "Jpet_store_sginin_credentials" has 1 error message(s).
vuser_init.c(115): Notify: The 1st error message associated with transaction "Jpet_store_sginin_credentials" is "Error -26628: HTTP Status-Code=403 (Forbidden) for "https://jpetstore.cfapps.io/login""
Ending action vuser_init.
Ending iteration 2.
Waiting 5.0000 seconds for iteration pacing.
Starting iteration 3.
Starting action vuser_init.
vuser_init.c(43): web_add_auto_header("Upgrade-Insecure-Requests") started  	[MsgId: MMSG-26355]
vuser_init.c(43): web_add_auto_header("Upgrade-Insecure-Requests") was successful  	[MsgId: MMSG-26392]
vuser_init.c(46): web_url("jpetstore.cfapps.io") started  	[MsgId: MMSG-26355]
vuser_init.c(46): Found resource "https://jpetstore.cfapps.io/css/jpetstore.css" in HTML "https://jpetstore.cfapps.io/"  	[MsgId: MMSG-26659]
vuser_init.c(46): web_url("jpetstore.cfapps.io") was successful, 7144 body bytes, 1036 header bytes  	[MsgId: MMSG-26386]
vuser_init.c(56): Notify: Transaction "Jpetstore_enter_the_store" started.
vuser_init.c(60): web_remove_auto_header("Upgrade-Insecure-Requests") started  	[MsgId: MMSG-26355]
vuser_init.c(60): Previous automatically added web header for "Upgrade-Insecure-Requests" removed  	[MsgId: MMSG-26587]
vuser_init.c(60): web_remove/revert_auto_header("Upgrade-Insecure-Requests") was successful  	[MsgId: MMSG-26392]
vuser_init.c(64): web_url("Enter the Store") started  	[MsgId: MMSG-26355]
vuser_init.c(64): Found resource "https://jpetstore.cfapps.io/css/jpetstore.css" in HTML "https://jpetstore.cfapps.io/catalog"  	[MsgId: MMSG-26659]
vuser_init.c(64): Found resource "https://jpetstore.cfapps.io/images/logo-topbar.gif" in HTML "https://jpetstore.cfapps.io/catalog"  	[MsgId: MMSG-26659]
vuser_init.c(64): Found resource "https://jpetstore.cfapps.io/images/cart.gif" in HTML "https://jpetstore.cfapps.io/catalog"  	[MsgId: MMSG-26659]
vuser_init.c(64): Found resource "https://jpetstore.cfapps.io/images/separator.gif" in HTML "https://jpetstore.cfapps.io/catalog"  	[MsgId: MMSG-26659]
vuser_init.c(64): Found resource "https://jpetstore.cfapps.io/images/sm_fish.gif" in HTML "https://jpetstore.cfapps.io/catalog"  	[MsgId: MMSG-26659]
vuser_init.c(64): Found resource "https://jpetstore.cfapps.io/images/sm_dogs.gif" in HTML "https://jpetstore.cfapps.io/catalog"  	[MsgId: MMSG-26659]
vuser_init.c(64): Found resource "https://jpetstore.cfapps.io/images/sm_reptiles.gif" in HTML "https://jpetstore.cfapps.io/catalog"  	[MsgId: MMSG-26659]
vuser_init.c(64): Found resource "https://jpetstore.cfapps.io/images/sm_cats.gif" in HTML "https://jpetstore.cfapps.io/catalog"  	[MsgId: MMSG-26659]
vuser_init.c(64): Found resource "https://jpetstore.cfapps.io/images/sm_birds.gif" in HTML "https://jpetstore.cfapps.io/catalog"  	[MsgId: MMSG-26659]
vuser_init.c(64): Found resource "https://jpetstore.cfapps.io/images/fish_icon.gif" in HTML "https://jpetstore.cfapps.io/catalog"  	[MsgId: MMSG-26659]
vuser_init.c(64): Found resource "https://jpetstore.cfapps.io/images/dogs_icon.gif" in HTML "https://jpetstore.cfapps.io/catalog"  	[MsgId: MMSG-26659]
vuser_init.c(64): Found resource "https://jpetstore.cfapps.io/images/reptiles_icon.gif" in HTML "https://jpetstore.cfapps.io/catalog"  	[MsgId: MMSG-26659]
vuser_init.c(64): Found resource "https://jpetstore.cfapps.io/images/cats_icon.gif" in HTML "https://jpetstore.cfapps.io/catalog"  	[MsgId: MMSG-26659]
vuser_init.c(64): Found resource "https://jpetstore.cfapps.io/images/birds_icon.gif" in HTML "https://jpetstore.cfapps.io/catalog"  	[MsgId: MMSG-26659]
vuser_init.c(64): Found resource "https://jpetstore.cfapps.io/images/splash.gif" in HTML "https://jpetstore.cfapps.io/catalog"  	[MsgId: MMSG-26659]
vuser_init.c(64): web_url("Enter the Store") was successful, 56048 body bytes, 8104 header bytes  	[MsgId: MMSG-26386]
vuser_init.c(81): Notify: Transaction "Jpetstore_enter_the_store" ended with a "Pass" status (Duration: 2.3933 Wasted Time: 0.0388).
vuser_init.c(83): Notify: Transaction "Jpetstore_Signin" started.
vuser_init.c(87): web_add_auto_header("Upgrade-Insecure-Requests") started  	[MsgId: MMSG-26355]
vuser_init.c(87): web_add_auto_header("Upgrade-Insecure-Requests") was successful  	[MsgId: MMSG-26392]
vuser_init.c(92): web_url("Sign In") started  	[MsgId: MMSG-26355]
vuser_init.c(92): Found resource "https://jpetstore.cfapps.io/css/jpetstore.css" in HTML "https://jpetstore.cfapps.io/login"  	[MsgId: MMSG-26659]
vuser_init.c(92): Found resource "https://jpetstore.cfapps.io/images/logo-topbar.gif" in HTML "https://jpetstore.cfapps.io/login"  	[MsgId: MMSG-26659]
vuser_init.c(92): Found resource "https://jpetstore.cfapps.io/images/cart.gif" in HTML "https://jpetstore.cfapps.io/login"  	[MsgId: MMSG-26659]
vuser_init.c(92): Found resource "https://jpetstore.cfapps.io/images/separator.gif" in HTML "https://jpetstore.cfapps.io/login"  	[MsgId: MMSG-26659]
vuser_init.c(92): Found resource "https://jpetstore.cfapps.io/images/sm_fish.gif" in HTML "https://jpetstore.cfapps.io/login"  	[MsgId: MMSG-26659]
vuser_init.c(92): Found resource "https://jpetstore.cfapps.io/images/sm_dogs.gif" in HTML "https://jpetstore.cfapps.io/login"  	[MsgId: MMSG-26659]
vuser_init.c(92): Found resource "https://jpetstore.cfapps.io/images/sm_reptiles.gif" in HTML "https://jpetstore.cfapps.io/login"  	[MsgId: MMSG-26659]
vuser_init.c(92): Found resource "https://jpetstore.cfapps.io/images/sm_cats.gif" in HTML "https://jpetstore.cfapps.io/login"  	[MsgId: MMSG-26659]
vuser_init.c(92): Found resource "https://jpetstore.cfapps.io/images/sm_birds.gif" in HTML "https://jpetstore.cfapps.io/login"  	[MsgId: MMSG-26659]
vuser_init.c(92): web_url("Sign In") was successful, 15591 body bytes, 4957 header bytes, 19 chunking overhead bytes  	[MsgId: MMSG-26385]
vuser_init.c(103): Notify: Transaction "Jpetstore_Signin" ended with a "Pass" status (Duration: 1.1681 Wasted Time: 0.0365).
vuser_init.c(106): Notify: Transaction "Jpet_store_sginin_credentials" started.
vuser_init.c(110): web_remove_auto_header("Upgrade-Insecure-Requests") started  	[MsgId: MMSG-26355]
vuser_init.c(110): Previous automatically added web header for "Upgrade-Insecure-Requests" removed  	[MsgId: MMSG-26587]
vuser_init.c(110): web_remove/revert_auto_header("Upgrade-Insecure-Requests") was successful  	[MsgId: MMSG-26392]
vuser_init.c(112): web_add_header("Origin") started  	[MsgId: MMSG-26355]
vuser_init.c(112): web_add_header("Origin") was successful  	[MsgId: MMSG-26392]
vuser_init.c(115): web_submit_data("login") started  	[MsgId: MMSG-26355]
vuser_init.c(115): Error -26628: HTTP Status-Code=403 (Forbidden) for "https://jpetstore.cfapps.io/login"  	[MsgId: MERR-26628]
vuser_init.c(115): web_submit_data("login") highest severity level was "ERROR", 115 body bytes, 458 header bytes  	[MsgId: MMSG-26388]
vuser_init.c(115): Notify: Transaction "Jpet_store_sginin_credentials" ended with a "Fail" status (Duration: 0.8666 Wasted Time: 0.0129).
vuser_init.c(115): Notify: Transaction "Jpet_store_sginin_credentials" has 1 error message(s).
vuser_init.c(115): Notify: The 1st error message associated with transaction "Jpet_store_sginin_credentials" is "Error -26628: HTTP Status-Code=403 (Forbidden) for "https://jpetstore.cfapps.io/login""
Ending action vuser_init.
Ending iteration 3.
Ending Vuser...
Vuser Terminated.
Vuser 0 (thread 36640), ended OK."
